[2023-10-30 01:54:57,803]  ====== Arguements ======
[2023-10-30 01:54:57,803] output_dir               : ./results/20231030_015457/
[2023-10-30 01:54:57,803] valid_batch_size         : 1
[2023-10-30 01:54:57,803] epochs                   : 10
[2023-10-30 01:54:57,803] learning_rate            : 0.0002
[2023-10-30 01:54:57,803] classifier_hidden_size   : 4096.0
[2023-10-30 01:54:57,803] classifier_dropout_prob  : 0.1
[2023-10-30 01:54:57,803] weight_decay             : 0.01
[2023-10-30 01:54:57,804] gpus                     : 0
[2023-10-30 01:54:57,804] seed                     : 42
[2023-10-30 01:54:57,804] train_path               : ./data/train.jsonl
[2023-10-30 01:54:57,804] val_path                 : ./data/dev.jsonl
[2023-10-30 01:54:57,804] test_path                : ./data/test.jsonl
[2023-10-30 01:54:57,804] logging_steps            : 1800
[2023-10-30 01:54:57,804] model_ckpt_path          : togru/20231013_142822-4450
[2023-10-30 01:54:57,804] output_jsonl             : ./submission/validation/망치상어-4450-1.jsonl
[2023-10-30 01:54:57,804] response                 : ### 응답:
[2023-10-30 01:54:57,804] decoder                  : True
[2023-10-30 01:54:57,804] tokenizer                : nlpai-lab/kullm-polyglot-12.8b-v2
[2023-10-30 01:54:57,804] model_path               : nlpai-lab/kullm-polyglot-12.8b-v2
[2023-10-30 01:54:57,804] accumulate_grad_batches  : 1
[2023-10-30 01:54:57,804] max_seq_len              : 256
[2023-10-30 01:54:57,804] batch_size               : 32
[2023-10-30 01:54:57,804] prompt                   : ### 명령어:\n두 문장 사이에 생략된 문장을 생성하시오\n\n### 입력:\nsent1 sent3\n\n### 응답:\nlabel
[2023-10-30 01:54:57,804] callbacks                : 0
[2023-10-30 01:54:57,804] virtual_len              : 0
[2023-10-30 01:54:57,804] peft                     : lora
[2023-10-30 01:54:57,804] quant                    : False
[2023-10-30 01:54:57,804] wandb_run_name           : 20231030_015457
[2023-10-30 01:54:57,804] wandb_entity             : modu_ai
[2023-10-30 01:54:57,804] wandb_project            : MODU_SC
[2023-10-30 01:54:57,804] num_beams                : 8
[2023-10-30 01:54:57,804] top_k                    : 0
[2023-10-30 01:54:57,804] do_sample                : False
[2023-10-30 01:54:57,804] top_p                    : 1.0
[2023-10-30 01:54:57,804] num_return_sequences     : 1
[2023-10-30 01:54:57,804] [+] Set Random Seed to 42
[2023-10-30 01:55:49,760]  ====== Arguements ======
[2023-10-30 01:55:49,761] output_dir               : ./results/20231030_015549/
[2023-10-30 01:55:49,761] valid_batch_size         : 1
[2023-10-30 01:55:49,761] epochs                   : 10
[2023-10-30 01:55:49,761] learning_rate            : 0.0002
[2023-10-30 01:55:49,761] classifier_hidden_size   : 4096.0
[2023-10-30 01:55:49,761] classifier_dropout_prob  : 0.1
[2023-10-30 01:55:49,761] weight_decay             : 0.01
[2023-10-30 01:55:49,761] gpus                     : 0
[2023-10-30 01:55:49,761] seed                     : 42
[2023-10-30 01:55:49,761] train_path               : ./data/train.jsonl
[2023-10-30 01:55:49,761] val_path                 : ./data/dev.jsonl
[2023-10-30 01:55:49,761] test_path                : ./data/test.jsonl
[2023-10-30 01:55:49,761] logging_steps            : 1800
[2023-10-30 01:55:49,761] model_ckpt_path          : togru/20231013_142822-4450
[2023-10-30 01:55:49,761] output_jsonl             : ./submission/validation/망치상어-4450-2.jsonl
[2023-10-30 01:55:49,761] response                 : ### 응답:
[2023-10-30 01:55:49,761] decoder                  : True
[2023-10-30 01:55:49,761] tokenizer                : nlpai-lab/kullm-polyglot-12.8b-v2
[2023-10-30 01:55:49,761] model_path               : nlpai-lab/kullm-polyglot-12.8b-v2
[2023-10-30 01:55:49,761] accumulate_grad_batches  : 1
[2023-10-30 01:55:49,761] max_seq_len              : 256
[2023-10-30 01:55:49,761] batch_size               : 16
[2023-10-30 01:55:49,761] prompt                   : ### 명령어:\n두 문장 사이에 생략된 문장을 생성하시오\n\n### 입력:\nsent1 sent3\n\n### 응답:\nlabel
[2023-10-30 01:55:49,761] callbacks                : 0
[2023-10-30 01:55:49,761] virtual_len              : 0
[2023-10-30 01:55:49,761] peft                     : lora
[2023-10-30 01:55:49,761] quant                    : False
[2023-10-30 01:55:49,761] wandb_run_name           : 20231030_015549
[2023-10-30 01:55:49,761] wandb_entity             : modu_ai
[2023-10-30 01:55:49,761] wandb_project            : MODU_SC
[2023-10-30 01:55:49,762] num_beams                : 8
[2023-10-30 01:55:49,762] top_k                    : 0
[2023-10-30 01:55:49,762] do_sample                : False
[2023-10-30 01:55:49,762] top_p                    : 1.0
[2023-10-30 01:55:49,762] num_return_sequences     : 1
[2023-10-30 01:55:49,762] [+] Set Random Seed to 42
[2023-10-30 01:56:55,704]  ====== Arguements ======
[2023-10-30 01:56:55,704] output_dir               : ./results/20231030_015655/
[2023-10-30 01:56:55,704] valid_batch_size         : 1
[2023-10-30 01:56:55,704] epochs                   : 10
[2023-10-30 01:56:55,704] learning_rate            : 0.0002
[2023-10-30 01:56:55,704] classifier_hidden_size   : 4096.0
[2023-10-30 01:56:55,704] classifier_dropout_prob  : 0.1
[2023-10-30 01:56:55,704] weight_decay             : 0.01
[2023-10-30 01:56:55,704] gpus                     : 0
[2023-10-30 01:56:55,704] seed                     : 42
[2023-10-30 01:56:55,704] train_path               : ./data/train.jsonl
[2023-10-30 01:56:55,704] val_path                 : ./data/dev.jsonl
[2023-10-30 01:56:55,704] test_path                : ./data/test.jsonl
[2023-10-30 01:56:55,704] logging_steps            : 1800
[2023-10-30 01:56:55,704] model_ckpt_path          : togru/20231013_142822-4450
[2023-10-30 01:56:55,704] output_jsonl             : ./submission/validation/망치상어-4450-1.jsonl
[2023-10-30 01:56:55,705] response                 : ### 응답:
[2023-10-30 01:56:55,705] decoder                  : True
[2023-10-30 01:56:55,705] tokenizer                : nlpai-lab/kullm-polyglot-12.8b-v2
[2023-10-30 01:56:55,705] model_path               : nlpai-lab/kullm-polyglot-12.8b-v2
[2023-10-30 01:56:55,705] accumulate_grad_batches  : 1
[2023-10-30 01:56:55,705] max_seq_len              : 256
[2023-10-30 01:56:55,705] batch_size               : 16
[2023-10-30 01:56:55,705] prompt                   : ### 명령어:\n두 문장 사이에 생략된 문장을 생성하시오\n\n### 입력:\nsent1 sent3\n\n### 응답:\nlabel
[2023-10-30 01:56:55,705] callbacks                : 0
[2023-10-30 01:56:55,705] virtual_len              : 0
[2023-10-30 01:56:55,705] peft                     : lora
[2023-10-30 01:56:55,705] quant                    : False
[2023-10-30 01:56:55,705] wandb_run_name           : 20231030_015655
[2023-10-30 01:56:55,705] wandb_entity             : modu_ai
[2023-10-30 01:56:55,705] wandb_project            : MODU_SC
[2023-10-30 01:56:55,705] num_beams                : 8
[2023-10-30 01:56:55,705] top_k                    : 0
[2023-10-30 01:56:55,705] do_sample                : False
[2023-10-30 01:56:55,705] top_p                    : 1.0
[2023-10-30 01:56:55,705] num_return_sequences     : 1
[2023-10-30 01:56:55,705] [+] Set Random Seed to 42
[2023-10-30 03:36:12,103]  ====== Arguements ======
[2023-10-30 03:36:12,103] output_dir               : ./results/20231030_033611/
[2023-10-30 03:36:12,104] valid_batch_size         : 1
[2023-10-30 03:36:12,104] epochs                   : 10
[2023-10-30 03:36:12,104] learning_rate            : 0.0002
[2023-10-30 03:36:12,104] classifier_hidden_size   : 4096.0
[2023-10-30 03:36:12,104] classifier_dropout_prob  : 0.1
[2023-10-30 03:36:12,104] weight_decay             : 0.01
[2023-10-30 03:36:12,104] gpus                     : 0
[2023-10-30 03:36:12,104] seed                     : 42
[2023-10-30 03:36:12,104] train_path               : ./data/train.jsonl
[2023-10-30 03:36:12,104] val_path                 : ./data/dev.jsonl
[2023-10-30 03:36:12,104] test_path                : ./data/test.jsonl
[2023-10-30 03:36:12,104] logging_steps            : 1800
[2023-10-30 03:36:12,104] model_ckpt_path          : togru/20231013_142822-4450
[2023-10-30 03:36:12,104] output_jsonl             : ./submission/validation/망치상어-4450-2.jsonl
[2023-10-30 03:36:12,104] response                 : ### 응답:
[2023-10-30 03:36:12,104] decoder                  : True
[2023-10-30 03:36:12,104] tokenizer                : nlpai-lab/kullm-polyglot-12.8b-v2
[2023-10-30 03:36:12,104] model_path               : nlpai-lab/kullm-polyglot-12.8b-v2
[2023-10-30 03:36:12,105] accumulate_grad_batches  : 1
[2023-10-30 03:36:12,105] max_seq_len              : 256
[2023-10-30 03:36:12,105] batch_size               : 16
[2023-10-30 03:36:12,105] prompt                   : ### 명령어:\n두 문장 사이에 생략된 문장을 생성하시오\n\n### 입력:\nsent1 sent3\n\n### 응답:\nlabel
[2023-10-30 03:36:12,105] callbacks                : 0
[2023-10-30 03:36:12,105] virtual_len              : 0
[2023-10-30 03:36:12,105] peft                     : lora
[2023-10-30 03:36:12,105] quant                    : False
[2023-10-30 03:36:12,105] wandb_run_name           : 20231030_033611
[2023-10-30 03:36:12,105] wandb_entity             : modu_ai
[2023-10-30 03:36:12,105] wandb_project            : MODU_SC
[2023-10-30 03:36:12,105] num_beams                : 8
[2023-10-30 03:36:12,105] top_k                    : 0
[2023-10-30 03:36:12,105] do_sample                : False
[2023-10-30 03:36:12,105] top_p                    : 1.0
[2023-10-30 03:36:12,105] num_return_sequences     : 1
[2023-10-30 03:36:12,105] [+] Set Random Seed to 42
[2023-10-30 03:40:27,415]  ====== Arguements ======
[2023-10-30 03:40:27,415] output_dir               : ./results/20231030_034026/
[2023-10-30 03:40:27,415] valid_batch_size         : 1
[2023-10-30 03:40:27,415] epochs                   : 10
[2023-10-30 03:40:27,415] learning_rate            : 0.0002
[2023-10-30 03:40:27,415] classifier_hidden_size   : 4096.0
[2023-10-30 03:40:27,415] classifier_dropout_prob  : 0.1
[2023-10-30 03:40:27,415] weight_decay             : 0.01
[2023-10-30 03:40:27,415] gpus                     : 0
[2023-10-30 03:40:27,415] seed                     : 42
[2023-10-30 03:40:27,415] train_path               : ./data/train.jsonl
[2023-10-30 03:40:27,415] val_path                 : ./data/dev.jsonl
[2023-10-30 03:40:27,415] test_path                : ./data/test.jsonl
[2023-10-30 03:40:27,415] logging_steps            : 1800
[2023-10-30 03:40:27,415] model_ckpt_path          : togru/20231013_142822-4450
[2023-10-30 03:40:27,415] output_jsonl             : ./submission/validation/망치상어-4450-1.jsonl
[2023-10-30 03:40:27,415] response                 : ### 응답:
[2023-10-30 03:40:27,416] decoder                  : True
[2023-10-30 03:40:27,416] tokenizer                : nlpai-lab/kullm-polyglot-12.8b-v2
[2023-10-30 03:40:27,416] model_path               : nlpai-lab/kullm-polyglot-12.8b-v2
[2023-10-30 03:40:27,416] accumulate_grad_batches  : 1
[2023-10-30 03:40:27,416] max_seq_len              : 256
[2023-10-30 03:40:27,416] batch_size               : 16
[2023-10-30 03:40:27,416] prompt                   : ### 명령어:\n두 문장 사이에 생략된 문장을 생성하시오\n\n### 입력:\nsent1 sent3\n\n### 응답:\nlabel
[2023-10-30 03:40:27,416] callbacks                : 0
[2023-10-30 03:40:27,416] virtual_len              : 0
[2023-10-30 03:40:27,416] peft                     : lora
[2023-10-30 03:40:27,416] quant                    : False
[2023-10-30 03:40:27,416] wandb_run_name           : 20231030_034026
[2023-10-30 03:40:27,416] wandb_entity             : modu_ai
[2023-10-30 03:40:27,416] wandb_project            : MODU_SC
[2023-10-30 03:40:27,416] num_beams                : 8
[2023-10-30 03:40:27,416] top_k                    : 0
[2023-10-30 03:40:27,416] do_sample                : False
[2023-10-30 03:40:27,416] top_p                    : 1.0
[2023-10-30 03:40:27,416] num_return_sequences     : 1
[2023-10-30 03:40:27,416] [+] Set Random Seed to 42
[2023-10-30 03:42:59,423]  ====== Arguements ======
[2023-10-30 03:42:59,423] output_dir               : ./results/20231030_034258/
[2023-10-30 03:42:59,423] valid_batch_size         : 1
[2023-10-30 03:42:59,423] epochs                   : 10
[2023-10-30 03:42:59,423] learning_rate            : 0.0002
[2023-10-30 03:42:59,423] classifier_hidden_size   : 4096.0
[2023-10-30 03:42:59,423] classifier_dropout_prob  : 0.1
[2023-10-30 03:42:59,423] weight_decay             : 0.01
[2023-10-30 03:42:59,423] gpus                     : 0
[2023-10-30 03:42:59,423] seed                     : 42
[2023-10-30 03:42:59,423] train_path               : ./data/train.jsonl
[2023-10-30 03:42:59,423] val_path                 : ./data/dev.jsonl
[2023-10-30 03:42:59,423] test_path                : ./data/test.jsonl
[2023-10-30 03:42:59,423] logging_steps            : 1800
[2023-10-30 03:42:59,423] model_ckpt_path          : togru/20231013_142822-4450
[2023-10-30 03:42:59,423] output_jsonl             : ./submission/validation/망치상어-4450-1.jsonl
[2023-10-30 03:42:59,423] response                 : ### 응답:
[2023-10-30 03:42:59,423] decoder                  : True
[2023-10-30 03:42:59,423] tokenizer                : nlpai-lab/kullm-polyglot-12.8b-v2
[2023-10-30 03:42:59,423] model_path               : nlpai-lab/kullm-polyglot-12.8b-v2
[2023-10-30 03:42:59,423] accumulate_grad_batches  : 1
[2023-10-30 03:42:59,423] max_seq_len              : 256
[2023-10-30 03:42:59,423] batch_size               : 16
[2023-10-30 03:42:59,423] prompt                   : ### 명령어:\n두 문장 사이에 생략된 문장을 생성하시오\n\n### 입력:\nsent1 sent3\n\n### 응답:\nlabel
[2023-10-30 03:42:59,423] callbacks                : 0
[2023-10-30 03:42:59,424] virtual_len              : 0
[2023-10-30 03:42:59,424] peft                     : lora
[2023-10-30 03:42:59,424] quant                    : False
[2023-10-30 03:42:59,424] wandb_run_name           : 20231030_034258
[2023-10-30 03:42:59,424] wandb_entity             : modu_ai
[2023-10-30 03:42:59,424] wandb_project            : MODU_SC
[2023-10-30 03:42:59,424] num_beams                : 8
[2023-10-30 03:42:59,424] top_k                    : 0
[2023-10-30 03:42:59,424] do_sample                : False
[2023-10-30 03:42:59,424] top_p                    : 1.0
[2023-10-30 03:42:59,424] num_return_sequences     : 1
[2023-10-30 03:42:59,424] [+] Set Random Seed to 42
[2023-10-30 03:43:09,311]  ====== Arguements ======
[2023-10-30 03:43:09,311] output_dir               : ./results/20231030_034308/
[2023-10-30 03:43:09,311] valid_batch_size         : 1
[2023-10-30 03:43:09,311] epochs                   : 10
[2023-10-30 03:43:09,311] learning_rate            : 0.0002
[2023-10-30 03:43:09,311] classifier_hidden_size   : 4096.0
[2023-10-30 03:43:09,311] classifier_dropout_prob  : 0.1
[2023-10-30 03:43:09,311] weight_decay             : 0.01
[2023-10-30 03:43:09,311] gpus                     : 0
[2023-10-30 03:43:09,311] seed                     : 42
[2023-10-30 03:43:09,311] train_path               : ./data/train.jsonl
[2023-10-30 03:43:09,311] val_path                 : ./data/dev.jsonl
[2023-10-30 03:43:09,311] test_path                : ./data/test.jsonl
[2023-10-30 03:43:09,311] logging_steps            : 1800
[2023-10-30 03:43:09,311] model_ckpt_path          : togru/20231013_142822-4450
[2023-10-30 03:43:09,311] output_jsonl             : ./submission/validation/망치상어-4450-2.jsonl
[2023-10-30 03:43:09,311] response                 : ### 응답:
[2023-10-30 03:43:09,311] decoder                  : True
[2023-10-30 03:43:09,311] tokenizer                : nlpai-lab/kullm-polyglot-12.8b-v2
[2023-10-30 03:43:09,311] model_path               : nlpai-lab/kullm-polyglot-12.8b-v2
[2023-10-30 03:43:09,311] accumulate_grad_batches  : 1
[2023-10-30 03:43:09,311] max_seq_len              : 256
[2023-10-30 03:43:09,311] batch_size               : 16
[2023-10-30 03:43:09,311] prompt                   : ### 명령어:\n두 문장 사이에 생략된 문장을 생성하시오\n\n### 입력:\nsent1 sent3\n\n### 응답:\nlabel
[2023-10-30 03:43:09,312] callbacks                : 0
[2023-10-30 03:43:09,312] virtual_len              : 0
[2023-10-30 03:43:09,312] peft                     : lora
[2023-10-30 03:43:09,312] quant                    : False
[2023-10-30 03:43:09,312] wandb_run_name           : 20231030_034308
[2023-10-30 03:43:09,312] wandb_entity             : modu_ai
[2023-10-30 03:43:09,312] wandb_project            : MODU_SC
[2023-10-30 03:43:09,312] num_beams                : 8
[2023-10-30 03:43:09,312] top_k                    : 0
[2023-10-30 03:43:09,312] do_sample                : False
[2023-10-30 03:43:09,312] top_p                    : 1.0
[2023-10-30 03:43:09,312] num_return_sequences     : 1
[2023-10-30 03:43:09,312] [+] Set Random Seed to 42
[2023-10-30 03:43:19,048]  ====== Arguements ======
[2023-10-30 03:43:19,048] output_dir               : ./results/20231030_034318/
[2023-10-30 03:43:19,048] valid_batch_size         : 1
[2023-10-30 03:43:19,048] epochs                   : 10
[2023-10-30 03:43:19,048] learning_rate            : 0.0002
[2023-10-30 03:43:19,048] classifier_hidden_size   : 4096.0
[2023-10-30 03:43:19,048] classifier_dropout_prob  : 0.1
[2023-10-30 03:43:19,048] weight_decay             : 0.01
[2023-10-30 03:43:19,049] gpus                     : 0
[2023-10-30 03:43:19,049] seed                     : 42
[2023-10-30 03:43:19,049] train_path               : ./data/train.jsonl
[2023-10-30 03:43:19,049] val_path                 : ./data/dev.jsonl
[2023-10-30 03:43:19,049] test_path                : ./data/test.jsonl
[2023-10-30 03:43:19,049] logging_steps            : 1800
[2023-10-30 03:43:19,049] model_ckpt_path          : togru/20231013_142822-4450
[2023-10-30 03:43:19,049] output_jsonl             : ./submission/validation/망치상어-4450-3.jsonl
[2023-10-30 03:43:19,049] response                 : ### 응답:
[2023-10-30 03:43:19,049] decoder                  : True
[2023-10-30 03:43:19,049] tokenizer                : nlpai-lab/kullm-polyglot-12.8b-v2
[2023-10-30 03:43:19,049] model_path               : nlpai-lab/kullm-polyglot-12.8b-v2
[2023-10-30 03:43:19,049] accumulate_grad_batches  : 1
[2023-10-30 03:43:19,049] max_seq_len              : 256
[2023-10-30 03:43:19,049] batch_size               : 16
[2023-10-30 03:43:19,049] prompt                   : ### 명령어:\n두 문장 사이에 생략된 문장을 생성하시오\n\n### 입력:\nsent1 sent3\n\n### 응답:\nlabel
[2023-10-30 03:43:19,049] callbacks                : 0
[2023-10-30 03:43:19,049] virtual_len              : 0
[2023-10-30 03:43:19,049] peft                     : lora
[2023-10-30 03:43:19,049] quant                    : False
[2023-10-30 03:43:19,049] wandb_run_name           : 20231030_034318
[2023-10-30 03:43:19,049] wandb_entity             : modu_ai
[2023-10-30 03:43:19,049] wandb_project            : MODU_SC
[2023-10-30 03:43:19,049] num_beams                : 8
[2023-10-30 03:43:19,049] top_k                    : 0
[2023-10-30 03:43:19,049] do_sample                : False
[2023-10-30 03:43:19,049] top_p                    : 1.0
[2023-10-30 03:43:19,049] num_return_sequences     : 1
[2023-10-30 03:43:19,049] [+] Set Random Seed to 42
[2023-10-30 03:43:28,728]  ====== Arguements ======
[2023-10-30 03:43:28,728] output_dir               : ./results/20231030_034328/
[2023-10-30 03:43:28,728] valid_batch_size         : 1
[2023-10-30 03:43:28,728] epochs                   : 10
[2023-10-30 03:43:28,728] learning_rate            : 0.0002
[2023-10-30 03:43:28,728] classifier_hidden_size   : 4096.0
[2023-10-30 03:43:28,728] classifier_dropout_prob  : 0.1
[2023-10-30 03:43:28,728] weight_decay             : 0.01
[2023-10-30 03:43:28,728] gpus                     : 0
[2023-10-30 03:43:28,728] seed                     : 42
[2023-10-30 03:43:28,728] train_path               : ./data/train.jsonl
[2023-10-30 03:43:28,728] val_path                 : ./data/dev.jsonl
[2023-10-30 03:43:28,728] test_path                : ./data/test.jsonl
[2023-10-30 03:43:28,728] logging_steps            : 1800
[2023-10-30 03:43:28,728] model_ckpt_path          : togru/20231013_142822-4270
[2023-10-30 03:43:28,728] output_jsonl             : ./submission/validation/망치상어-4270-1.jsonl
[2023-10-30 03:43:28,728] response                 : ### 응답:
[2023-10-30 03:43:28,728] decoder                  : True
[2023-10-30 03:43:28,728] tokenizer                : nlpai-lab/kullm-polyglot-12.8b-v2
[2023-10-30 03:43:28,728] model_path               : nlpai-lab/kullm-polyglot-12.8b-v2
[2023-10-30 03:43:28,728] accumulate_grad_batches  : 1
[2023-10-30 03:43:28,728] max_seq_len              : 256
[2023-10-30 03:43:28,728] batch_size               : 16
[2023-10-30 03:43:28,728] prompt                   : ### 명령어:\n두 문장 사이에 생략된 문장을 생성하시오\n\n### 입력:\nsent1 sent3\n\n### 응답:\nlabel
[2023-10-30 03:43:28,728] callbacks                : 0
[2023-10-30 03:43:28,728] virtual_len              : 0
[2023-10-30 03:43:28,728] peft                     : lora
[2023-10-30 03:43:28,728] quant                    : False
[2023-10-30 03:43:28,729] wandb_run_name           : 20231030_034328
[2023-10-30 03:43:28,729] wandb_entity             : modu_ai
[2023-10-30 03:43:28,729] wandb_project            : MODU_SC
[2023-10-30 03:43:28,729] num_beams                : 8
[2023-10-30 03:43:28,729] top_k                    : 0
[2023-10-30 03:43:28,729] do_sample                : False
[2023-10-30 03:43:28,729] top_p                    : 1.0
[2023-10-30 03:43:28,729] num_return_sequences     : 1
[2023-10-30 03:43:28,729] [+] Set Random Seed to 42
[2023-10-30 03:46:03,761]  ====== Arguements ======
[2023-10-30 03:46:03,761] output_dir               : ./results/20231030_034603/
[2023-10-30 03:46:03,761] valid_batch_size         : 1
[2023-10-30 03:46:03,761] epochs                   : 10
[2023-10-30 03:46:03,761] learning_rate            : 0.0002
[2023-10-30 03:46:03,761] classifier_hidden_size   : 4096.0
[2023-10-30 03:46:03,761] classifier_dropout_prob  : 0.1
[2023-10-30 03:46:03,761] weight_decay             : 0.01
[2023-10-30 03:46:03,761] gpus                     : 0
[2023-10-30 03:46:03,761] seed                     : 42
[2023-10-30 03:46:03,761] train_path               : ./data/train.jsonl
[2023-10-30 03:46:03,761] val_path                 : ./data/dev.jsonl
[2023-10-30 03:46:03,762] test_path                : ./data/test.jsonl
[2023-10-30 03:46:03,762] logging_steps            : 1800
[2023-10-30 03:46:03,762] model_ckpt_path          : togru/20231013_142822-4450
[2023-10-30 03:46:03,762] output_jsonl             : ./submission/validation/망치상어-4450-1.jsonl
[2023-10-30 03:46:03,762] response                 : ### 응답:
[2023-10-30 03:46:03,762] decoder                  : True
[2023-10-30 03:46:03,762] tokenizer                : nlpai-lab/kullm-polyglot-12.8b-v2
[2023-10-30 03:46:03,762] model_path               : nlpai-lab/kullm-polyglot-12.8b-v2
[2023-10-30 03:46:03,762] accumulate_grad_batches  : 1
[2023-10-30 03:46:03,762] max_seq_len              : 256
[2023-10-30 03:46:03,762] batch_size               : 16
[2023-10-30 03:46:03,762] prompt                   : ### 명령어:\n두 문장 사이에 생략된 문장을 생성하시오\n\n### 입력:\nsent1 sent3\n\n### 응답:\nlabel
[2023-10-30 03:46:03,762] callbacks                : 0
[2023-10-30 03:46:03,762] virtual_len              : 0
[2023-10-30 03:46:03,762] peft                     : lora
[2023-10-30 03:46:03,762] quant                    : False
[2023-10-30 03:46:03,762] wandb_run_name           : 20231030_034603
[2023-10-30 03:46:03,762] wandb_entity             : modu_ai
[2023-10-30 03:46:03,762] wandb_project            : MODU_SC
[2023-10-30 03:46:03,762] num_beams                : 8
[2023-10-30 03:46:03,763] top_k                    : 0
[2023-10-30 03:46:03,763] do_sample                : False
[2023-10-30 03:46:03,763] top_p                    : 1.0
[2023-10-30 03:46:03,763] num_return_sequences     : 1
[2023-10-30 03:46:03,763] [+] Set Random Seed to 42
[2023-10-30 03:46:13,498]  ====== Arguements ======
[2023-10-30 03:46:13,498] output_dir               : ./results/20231030_034613/
[2023-10-30 03:46:13,499] valid_batch_size         : 1
[2023-10-30 03:46:13,499] epochs                   : 10
[2023-10-30 03:46:13,499] learning_rate            : 0.0002
[2023-10-30 03:46:13,499] classifier_hidden_size   : 4096.0
[2023-10-30 03:46:13,499] classifier_dropout_prob  : 0.1
[2023-10-30 03:46:13,499] weight_decay             : 0.01
[2023-10-30 03:46:13,499] gpus                     : 0
[2023-10-30 03:46:13,499] seed                     : 42
[2023-10-30 03:46:13,499] train_path               : ./data/train.jsonl
[2023-10-30 03:46:13,499] val_path                 : ./data/dev.jsonl
[2023-10-30 03:46:13,499] test_path                : ./data/test.jsonl
[2023-10-30 03:46:13,499] logging_steps            : 1800
[2023-10-30 03:46:13,499] model_ckpt_path          : togru/20231013_142822-4450
[2023-10-30 03:46:13,499] output_jsonl             : ./submission/validation/망치상어-4450-2.jsonl
[2023-10-30 03:46:13,499] response                 : ### 응답:
[2023-10-30 03:46:13,499] decoder                  : True
[2023-10-30 03:46:13,499] tokenizer                : nlpai-lab/kullm-polyglot-12.8b-v2
[2023-10-30 03:46:13,499] model_path               : nlpai-lab/kullm-polyglot-12.8b-v2
[2023-10-30 03:46:13,499] accumulate_grad_batches  : 1
[2023-10-30 03:46:13,499] max_seq_len              : 256
[2023-10-30 03:46:13,499] batch_size               : 16
[2023-10-30 03:46:13,499] prompt                   : ### 명령어:\n두 문장 사이에 생략된 문장을 생성하시오\n\n### 입력:\nsent1 sent3\n\n### 응답:\nlabel
[2023-10-30 03:46:13,499] callbacks                : 0
[2023-10-30 03:46:13,499] virtual_len              : 0
[2023-10-30 03:46:13,499] peft                     : lora
[2023-10-30 03:46:13,499] quant                    : False
[2023-10-30 03:46:13,499] wandb_run_name           : 20231030_034613
[2023-10-30 03:46:13,499] wandb_entity             : modu_ai
[2023-10-30 03:46:13,500] wandb_project            : MODU_SC
[2023-10-30 03:46:13,500] num_beams                : 8
[2023-10-30 03:46:13,500] top_k                    : 0
[2023-10-30 03:46:13,500] do_sample                : False
[2023-10-30 03:46:13,500] top_p                    : 1.0
[2023-10-30 03:46:13,500] num_return_sequences     : 1
[2023-10-30 03:46:13,500] [+] Set Random Seed to 42
[2023-10-30 03:46:23,281]  ====== Arguements ======
[2023-10-30 03:46:23,281] output_dir               : ./results/20231030_034622/
[2023-10-30 03:46:23,281] valid_batch_size         : 1
[2023-10-30 03:46:23,281] epochs                   : 10
[2023-10-30 03:46:23,281] learning_rate            : 0.0002
[2023-10-30 03:46:23,281] classifier_hidden_size   : 4096.0
[2023-10-30 03:46:23,281] classifier_dropout_prob  : 0.1
[2023-10-30 03:46:23,281] weight_decay             : 0.01
[2023-10-30 03:46:23,281] gpus                     : 0
[2023-10-30 03:46:23,281] seed                     : 42
[2023-10-30 03:46:23,281] train_path               : ./data/train.jsonl
[2023-10-30 03:46:23,281] val_path                 : ./data/dev.jsonl
[2023-10-30 03:46:23,281] test_path                : ./data/test.jsonl
[2023-10-30 03:46:23,281] logging_steps            : 1800
[2023-10-30 03:46:23,281] model_ckpt_path          : togru/20231013_142822-4450
[2023-10-30 03:46:23,282] output_jsonl             : ./submission/validation/망치상어-4450-3.jsonl
[2023-10-30 03:46:23,282] response                 : ### 응답:
[2023-10-30 03:46:23,282] decoder                  : True
[2023-10-30 03:46:23,282] tokenizer                : nlpai-lab/kullm-polyglot-12.8b-v2
[2023-10-30 03:46:23,282] model_path               : nlpai-lab/kullm-polyglot-12.8b-v2
[2023-10-30 03:46:23,282] accumulate_grad_batches  : 1
[2023-10-30 03:46:23,282] max_seq_len              : 256
[2023-10-30 03:46:23,282] batch_size               : 16
[2023-10-30 03:46:23,282] prompt                   : ### 명령어:\n두 문장 사이에 생략된 문장을 생성하시오\n\n### 입력:\nsent1 sent3\n\n### 응답:\nlabel
[2023-10-30 03:46:23,282] callbacks                : 0
[2023-10-30 03:46:23,282] virtual_len              : 0
[2023-10-30 03:46:23,282] peft                     : lora
[2023-10-30 03:46:23,282] quant                    : False
[2023-10-30 03:46:23,282] wandb_run_name           : 20231030_034622
[2023-10-30 03:46:23,282] wandb_entity             : modu_ai
[2023-10-30 03:46:23,282] wandb_project            : MODU_SC
[2023-10-30 03:46:23,282] num_beams                : 8
[2023-10-30 03:46:23,282] top_k                    : 0
[2023-10-30 03:46:23,282] do_sample                : False
[2023-10-30 03:46:23,282] top_p                    : 1.0
[2023-10-30 03:46:23,283] num_return_sequences     : 1
[2023-10-30 03:46:23,283] [+] Set Random Seed to 42
[2023-10-30 03:47:15,757]  ====== Arguements ======
[2023-10-30 03:47:15,757] output_dir               : ./results/20231030_034715/
[2023-10-30 03:47:15,757] valid_batch_size         : 1
[2023-10-30 03:47:15,757] epochs                   : 10
[2023-10-30 03:47:15,757] learning_rate            : 0.0002
[2023-10-30 03:47:15,757] classifier_hidden_size   : 4096.0
[2023-10-30 03:47:15,757] classifier_dropout_prob  : 0.1
[2023-10-30 03:47:15,757] weight_decay             : 0.01
[2023-10-30 03:47:15,757] gpus                     : 0
[2023-10-30 03:47:15,757] seed                     : 42
[2023-10-30 03:47:15,757] train_path               : ./data/train.jsonl
[2023-10-30 03:47:15,757] val_path                 : ./data/dev.jsonl
[2023-10-30 03:47:15,757] test_path                : ./data/test.jsonl
[2023-10-30 03:47:15,757] logging_steps            : 1800
[2023-10-30 03:47:15,757] model_ckpt_path          : togru/20231013_142822-4450
[2023-10-30 03:47:15,757] output_jsonl             : ./submission/validation/망치상어-4450-1.jsonl
[2023-10-30 03:47:15,757] response                 : ### 응답:
[2023-10-30 03:47:15,757] decoder                  : True
[2023-10-30 03:47:15,758] tokenizer                : nlpai-lab/kullm-polyglot-12.8b-v2
[2023-10-30 03:47:15,758] model_path               : nlpai-lab/kullm-polyglot-12.8b-v2
[2023-10-30 03:47:15,758] accumulate_grad_batches  : 1
[2023-10-30 03:47:15,758] max_seq_len              : 256
[2023-10-30 03:47:15,758] batch_size               : 16
[2023-10-30 03:47:15,758] prompt                   : ### 명령어:\n두 문장 사이에 생략된 문장을 생성하시오\n\n### 입력:\nsent1 sent3\n\n### 응답:\nlabel
[2023-10-30 03:47:15,758] callbacks                : 0
[2023-10-30 03:47:15,758] virtual_len              : 0
[2023-10-30 03:47:15,758] peft                     : lora
[2023-10-30 03:47:15,758] quant                    : False
[2023-10-30 03:47:15,758] wandb_run_name           : 20231030_034715
[2023-10-30 03:47:15,758] wandb_entity             : modu_ai
[2023-10-30 03:47:15,758] wandb_project            : MODU_SC
[2023-10-30 03:47:15,758] num_beams                : 8
[2023-10-30 03:47:15,758] top_k                    : 0
[2023-10-30 03:47:15,758] do_sample                : False
[2023-10-30 03:47:15,758] top_p                    : 1.0
[2023-10-30 03:47:15,758] num_return_sequences     : 1
[2023-10-30 03:47:15,758] [+] Set Random Seed to 42
[2023-10-30 04:00:15,587]  ====== Arguements ======
[2023-10-30 04:00:15,587] output_dir               : ./results/20231030_040015/
[2023-10-30 04:00:15,587] valid_batch_size         : 1
[2023-10-30 04:00:15,587] epochs                   : 10
[2023-10-30 04:00:15,588] learning_rate            : 0.0002
[2023-10-30 04:00:15,588] classifier_hidden_size   : 4096.0
[2023-10-30 04:00:15,588] classifier_dropout_prob  : 0.1
[2023-10-30 04:00:15,588] weight_decay             : 0.01
[2023-10-30 04:00:15,588] gpus                     : 0
[2023-10-30 04:00:15,588] seed                     : 42
[2023-10-30 04:00:15,588] train_path               : ./data/train.jsonl
[2023-10-30 04:00:15,588] val_path                 : ./data/dev.jsonl
[2023-10-30 04:00:15,588] test_path                : ./data/test.jsonl
[2023-10-30 04:00:15,588] logging_steps            : 1800
[2023-10-30 04:00:15,588] model_ckpt_path          : togru/20231013_142822-4450
[2023-10-30 04:00:15,588] output_jsonl             : ./submission/validation/망치상어-4450-1.jsonl
[2023-10-30 04:00:15,588] response                 : ### 응답:
[2023-10-30 04:00:15,588] decoder                  : True
[2023-10-30 04:00:15,588] tokenizer                : nlpai-lab/kullm-polyglot-12.8b-v2
[2023-10-30 04:00:15,588] model_path               : nlpai-lab/kullm-polyglot-12.8b-v2
[2023-10-30 04:00:15,588] accumulate_grad_batches  : 1
[2023-10-30 04:00:15,588] max_seq_len              : 256
[2023-10-30 04:00:15,588] batch_size               : 16
[2023-10-30 04:00:15,588] prompt                   : ### 명령어:\n두 문장 사이에 생략된 문장을 생성하시오\n\n### 입력:\nsent1 sent3\n\n### 응답:\nlabel
[2023-10-30 04:00:15,588] callbacks                : 0
[2023-10-30 04:00:15,588] virtual_len              : 0
[2023-10-30 04:00:15,588] peft                     : lora
[2023-10-30 04:00:15,588] quant                    : False
[2023-10-30 04:00:15,588] wandb_run_name           : 20231030_040015
[2023-10-30 04:00:15,588] wandb_entity             : modu_ai
[2023-10-30 04:00:15,588] wandb_project            : MODU_SC
[2023-10-30 04:00:15,588] num_beams                : 8
[2023-10-30 04:00:15,588] top_k                    : 0
[2023-10-30 04:00:15,588] do_sample                : False
[2023-10-30 04:00:15,588] top_p                    : 1.0
[2023-10-30 04:00:15,588] num_return_sequences     : 1
[2023-10-30 04:00:15,588] [+] Set Random Seed to 42
[2023-10-30 05:39:38,156]  ====== Arguements ======
[2023-10-30 05:39:38,156] output_dir               : ./results/20231030_053937/
[2023-10-30 05:39:38,156] valid_batch_size         : 1
[2023-10-30 05:39:38,156] epochs                   : 10
[2023-10-30 05:39:38,156] learning_rate            : 0.0002
[2023-10-30 05:39:38,156] classifier_hidden_size   : 4096.0
[2023-10-30 05:39:38,156] classifier_dropout_prob  : 0.1
[2023-10-30 05:39:38,156] weight_decay             : 0.01
[2023-10-30 05:39:38,156] gpus                     : 0
[2023-10-30 05:39:38,157] seed                     : 42
[2023-10-30 05:39:38,157] train_path               : ./data/train.jsonl
[2023-10-30 05:39:38,157] val_path                 : ./data/dev.jsonl
[2023-10-30 05:39:38,157] test_path                : ./data/test.jsonl
[2023-10-30 05:39:38,157] logging_steps            : 1800
[2023-10-30 05:39:38,157] model_ckpt_path          : togru/20231013_142822-4450
[2023-10-30 05:39:38,157] output_jsonl             : ./submission/validation/망치상어-4450-2.jsonl
[2023-10-30 05:39:38,157] response                 : ### 응답:
[2023-10-30 05:39:38,157] decoder                  : True
[2023-10-30 05:39:38,157] tokenizer                : nlpai-lab/kullm-polyglot-12.8b-v2
[2023-10-30 05:39:38,157] model_path               : nlpai-lab/kullm-polyglot-12.8b-v2
[2023-10-30 05:39:38,157] accumulate_grad_batches  : 1
[2023-10-30 05:39:38,157] max_seq_len              : 256
[2023-10-30 05:39:38,157] batch_size               : 16
[2023-10-30 05:39:38,157] prompt                   : ### 명령어:\n두 문장 사이에 생략된 문장을 생성하시오\n\n### 입력:\nsent1 sent3\n\n### 응답:\nlabel
[2023-10-30 05:39:38,157] callbacks                : 0
[2023-10-30 05:39:38,157] virtual_len              : 0
[2023-10-30 05:39:38,157] peft                     : lora
[2023-10-30 05:39:38,157] quant                    : False
[2023-10-30 05:39:38,157] wandb_run_name           : 20231030_053937
[2023-10-30 05:39:38,157] wandb_entity             : modu_ai
[2023-10-30 05:39:38,157] wandb_project            : MODU_SC
[2023-10-30 05:39:38,157] num_beams                : 8
[2023-10-30 05:39:38,157] top_k                    : 0
[2023-10-30 05:39:38,157] do_sample                : False
[2023-10-30 05:39:38,157] top_p                    : 1.0
[2023-10-30 05:39:38,157] num_return_sequences     : 1
[2023-10-30 05:39:38,157] [+] Set Random Seed to 42
[2023-10-30 07:18:58,903]  ====== Arguements ======
[2023-10-30 07:18:58,904] output_dir               : ./results/20231030_071858/
[2023-10-30 07:18:58,904] valid_batch_size         : 1
[2023-10-30 07:18:58,904] epochs                   : 10
[2023-10-30 07:18:58,904] learning_rate            : 0.0002
[2023-10-30 07:18:58,904] classifier_hidden_size   : 4096.0
[2023-10-30 07:18:58,904] classifier_dropout_prob  : 0.1
[2023-10-30 07:18:58,904] weight_decay             : 0.01
[2023-10-30 07:18:58,904] gpus                     : 0
[2023-10-30 07:18:58,904] seed                     : 42
[2023-10-30 07:18:58,904] train_path               : ./data/train.jsonl
[2023-10-30 07:18:58,904] val_path                 : ./data/dev.jsonl
[2023-10-30 07:18:58,904] test_path                : ./data/test.jsonl
[2023-10-30 07:18:58,904] logging_steps            : 1800
[2023-10-30 07:18:58,904] model_ckpt_path          : togru/20231013_142822-4450
[2023-10-30 07:18:58,904] output_jsonl             : ./submission/validation/망치상어-4450-3.jsonl
[2023-10-30 07:18:58,904] response                 : ### 응답:
[2023-10-30 07:18:58,904] decoder                  : True
[2023-10-30 07:18:58,904] tokenizer                : nlpai-lab/kullm-polyglot-12.8b-v2
[2023-10-30 07:18:58,904] model_path               : nlpai-lab/kullm-polyglot-12.8b-v2
[2023-10-30 07:18:58,904] accumulate_grad_batches  : 1
[2023-10-30 07:18:58,904] max_seq_len              : 256
[2023-10-30 07:18:58,904] batch_size               : 16
[2023-10-30 07:18:58,904] prompt                   : ### 명령어:\n두 문장 사이에 생략된 문장을 생성하시오\n\n### 입력:\nsent1 sent3\n\n### 응답:\nlabel
[2023-10-30 07:18:58,904] callbacks                : 0
[2023-10-30 07:18:58,904] virtual_len              : 0
[2023-10-30 07:18:58,904] peft                     : lora
[2023-10-30 07:18:58,904] quant                    : False
[2023-10-30 07:18:58,905] wandb_run_name           : 20231030_071858
[2023-10-30 07:18:58,905] wandb_entity             : modu_ai
[2023-10-30 07:18:58,905] wandb_project            : MODU_SC
[2023-10-30 07:18:58,905] num_beams                : 8
[2023-10-30 07:18:58,905] top_k                    : 0
[2023-10-30 07:18:58,905] do_sample                : False
[2023-10-30 07:18:58,905] top_p                    : 1.0
[2023-10-30 07:18:58,905] num_return_sequences     : 1
[2023-10-30 07:18:58,905] [+] Set Random Seed to 42
[2023-10-30 08:58:12,001]  ====== Arguements ======
[2023-10-30 08:58:12,001] output_dir               : ./results/20231030_085811/
[2023-10-30 08:58:12,001] valid_batch_size         : 1
[2023-10-30 08:58:12,001] epochs                   : 10
[2023-10-30 08:58:12,001] learning_rate            : 0.0002
[2023-10-30 08:58:12,001] classifier_hidden_size   : 4096.0
[2023-10-30 08:58:12,001] classifier_dropout_prob  : 0.1
[2023-10-30 08:58:12,001] weight_decay             : 0.01
[2023-10-30 08:58:12,001] gpus                     : 0
[2023-10-30 08:58:12,001] seed                     : 42
[2023-10-30 08:58:12,001] train_path               : ./data/train.jsonl
[2023-10-30 08:58:12,001] val_path                 : ./data/dev.jsonl
[2023-10-30 08:58:12,001] test_path                : ./data/test.jsonl
[2023-10-30 08:58:12,002] logging_steps            : 1800
[2023-10-30 08:58:12,002] model_ckpt_path          : togru/20231013_142822-4270
[2023-10-30 08:58:12,002] output_jsonl             : ./submission/validation/망치상어-4270-1.jsonl
[2023-10-30 08:58:12,002] response                 : ### 응답:
[2023-10-30 08:58:12,002] decoder                  : True
[2023-10-30 08:58:12,002] tokenizer                : nlpai-lab/kullm-polyglot-12.8b-v2
[2023-10-30 08:58:12,002] model_path               : nlpai-lab/kullm-polyglot-12.8b-v2
[2023-10-30 08:58:12,002] accumulate_grad_batches  : 1
[2023-10-30 08:58:12,002] max_seq_len              : 256
[2023-10-30 08:58:12,002] batch_size               : 16
[2023-10-30 08:58:12,002] prompt                   : ### 명령어:\n두 문장 사이에 생략된 문장을 생성하시오\n\n### 입력:\nsent1 sent3\n\n### 응답:\nlabel
[2023-10-30 08:58:12,002] callbacks                : 0
[2023-10-30 08:58:12,002] virtual_len              : 0
[2023-10-30 08:58:12,002] peft                     : lora
[2023-10-30 08:58:12,002] quant                    : False
[2023-10-30 08:58:12,002] wandb_run_name           : 20231030_085811
[2023-10-30 08:58:12,002] wandb_entity             : modu_ai
[2023-10-30 08:58:12,002] wandb_project            : MODU_SC
[2023-10-30 08:58:12,002] num_beams                : 8
[2023-10-30 08:58:12,002] top_k                    : 0
[2023-10-30 08:58:12,002] do_sample                : False
[2023-10-30 08:58:12,002] top_p                    : 1.0
[2023-10-30 08:58:12,002] num_return_sequences     : 1
[2023-10-30 08:58:12,002] [+] Set Random Seed to 42
[2023-10-30 10:36:37,860]  ====== Arguements ======
[2023-10-30 10:36:37,860] output_dir               : ./results/20231030_103637/
[2023-10-30 10:36:37,860] valid_batch_size         : 1
[2023-10-30 10:36:37,861] epochs                   : 10
[2023-10-30 10:36:37,861] learning_rate            : 0.0002
[2023-10-30 10:36:37,861] classifier_hidden_size   : 4096.0
[2023-10-30 10:36:37,861] classifier_dropout_prob  : 0.1
[2023-10-30 10:36:37,861] weight_decay             : 0.01
[2023-10-30 10:36:37,861] gpus                     : 0
[2023-10-30 10:36:37,861] seed                     : 42
[2023-10-30 10:36:37,861] train_path               : ./data/train.jsonl
[2023-10-30 10:36:37,861] val_path                 : ./data/dev.jsonl
[2023-10-30 10:36:37,861] test_path                : ./data/test.jsonl
[2023-10-30 10:36:37,861] logging_steps            : 1800
[2023-10-30 10:36:37,861] model_ckpt_path          : togru/20231013_142822-4270
[2023-10-30 10:36:37,861] output_jsonl             : ./submission/validation/망치상어-4270-2.jsonl
[2023-10-30 10:36:37,861] response                 : ### 응답:
[2023-10-30 10:36:37,861] decoder                  : True
[2023-10-30 10:36:37,861] tokenizer                : nlpai-lab/kullm-polyglot-12.8b-v2
[2023-10-30 10:36:37,861] model_path               : nlpai-lab/kullm-polyglot-12.8b-v2
[2023-10-30 10:36:37,861] accumulate_grad_batches  : 1
[2023-10-30 10:36:37,861] max_seq_len              : 256
[2023-10-30 10:36:37,861] batch_size               : 16
[2023-10-30 10:36:37,861] prompt                   : ### 명령어:\n두 문장 사이에 생략된 문장을 생성하시오\n\n### 입력:\nsent1 sent3\n\n### 응답:\nlabel
[2023-10-30 10:36:37,861] callbacks                : 0
[2023-10-30 10:36:37,861] virtual_len              : 0
[2023-10-30 10:36:37,861] peft                     : lora
[2023-10-30 10:36:37,861] quant                    : False
[2023-10-30 10:36:37,861] wandb_run_name           : 20231030_103637
[2023-10-30 10:36:37,861] wandb_entity             : modu_ai
[2023-10-30 10:36:37,861] wandb_project            : MODU_SC
[2023-10-30 10:36:37,861] num_beams                : 8
[2023-10-30 10:36:37,861] top_k                    : 0
[2023-10-30 10:36:37,861] do_sample                : False
[2023-10-30 10:36:37,861] top_p                    : 1.0
[2023-10-30 10:36:37,861] num_return_sequences     : 1
[2023-10-30 10:36:37,861] [+] Set Random Seed to 42
[2023-10-30 12:15:10,257]  ====== Arguements ======
[2023-10-30 12:15:10,258] output_dir               : ./results/20231030_121509/
[2023-10-30 12:15:10,258] valid_batch_size         : 1
[2023-10-30 12:15:10,258] epochs                   : 10
[2023-10-30 12:15:10,258] learning_rate            : 0.0002
[2023-10-30 12:15:10,258] classifier_hidden_size   : 4096.0
[2023-10-30 12:15:10,258] classifier_dropout_prob  : 0.1
[2023-10-30 12:15:10,258] weight_decay             : 0.01
[2023-10-30 12:15:10,258] gpus                     : 0
[2023-10-30 12:15:10,258] seed                     : 42
[2023-10-30 12:15:10,258] train_path               : ./data/train.jsonl
[2023-10-30 12:15:10,258] val_path                 : ./data/dev.jsonl
[2023-10-30 12:15:10,258] test_path                : ./data/test.jsonl
[2023-10-30 12:15:10,258] logging_steps            : 1800
[2023-10-30 12:15:10,258] model_ckpt_path          : togru/20231013_142822-4270
[2023-10-30 12:15:10,258] output_jsonl             : ./submission/validation/망치상어-4270-3.jsonl
[2023-10-30 12:15:10,258] response                 : ### 응답:
[2023-10-30 12:15:10,258] decoder                  : True
[2023-10-30 12:15:10,258] tokenizer                : nlpai-lab/kullm-polyglot-12.8b-v2
[2023-10-30 12:15:10,258] model_path               : nlpai-lab/kullm-polyglot-12.8b-v2
[2023-10-30 12:15:10,258] accumulate_grad_batches  : 1
[2023-10-30 12:15:10,258] max_seq_len              : 256
[2023-10-30 12:15:10,258] batch_size               : 16
[2023-10-30 12:15:10,258] prompt                   : ### 명령어:\n두 문장 사이에 생략된 문장을 생성하시오\n\n### 입력:\nsent1 sent3\n\n### 응답:\nlabel
[2023-10-30 12:15:10,258] callbacks                : 0
[2023-10-30 12:15:10,258] virtual_len              : 0
[2023-10-30 12:15:10,258] peft                     : lora
[2023-10-30 12:15:10,258] quant                    : False
[2023-10-30 12:15:10,258] wandb_run_name           : 20231030_121509
[2023-10-30 12:15:10,258] wandb_entity             : modu_ai
[2023-10-30 12:15:10,258] wandb_project            : MODU_SC
[2023-10-30 12:15:10,259] num_beams                : 8
[2023-10-30 12:15:10,259] top_k                    : 0
[2023-10-30 12:15:10,259] do_sample                : False
[2023-10-30 12:15:10,259] top_p                    : 1.0
[2023-10-30 12:15:10,259] num_return_sequences     : 1
[2023-10-30 12:15:10,259] [+] Set Random Seed to 42
[2023-10-30 13:53:43,803]  ====== Arguements ======
[2023-10-30 13:53:43,803] output_dir               : ./results/20231030_135343/
[2023-10-30 13:53:43,803] valid_batch_size         : 1
[2023-10-30 13:53:43,803] epochs                   : 10
[2023-10-30 13:53:43,803] learning_rate            : 0.0002
[2023-10-30 13:53:43,803] classifier_hidden_size   : 1024.0
[2023-10-30 13:53:43,804] classifier_dropout_prob  : 0.1
[2023-10-30 13:53:43,804] weight_decay             : 0.01
[2023-10-30 13:53:43,804] gpus                     : 0
[2023-10-30 13:53:43,804] seed                     : 42
[2023-10-30 13:53:43,804] train_path               : ./data/train.jsonl
[2023-10-30 13:53:43,804] val_path                 : ./data/dev.jsonl
[2023-10-30 13:53:43,804] test_path                : ./data/test.jsonl
[2023-10-30 13:53:43,804] logging_steps            : 1800
[2023-10-30 13:53:43,804] model_ckpt_path          : togru/20231009_185511-32400
[2023-10-30 13:53:43,804] output_jsonl             : ./submission/validation/돌아온_은갈치-32400-nb8.jsonl
[2023-10-30 13:53:43,804] response                 : ### 응답:
[2023-10-30 13:53:43,804] decoder                  : False
[2023-10-30 13:53:43,804] tokenizer                : paust/pko-t5-large
[2023-10-30 13:53:43,804] model_path               : paust/pko-t5-large
[2023-10-30 13:53:43,804] accumulate_grad_batches  : 1
[2023-10-30 13:53:43,804] max_seq_len              : 128
[2023-10-30 13:53:43,804] batch_size               : 16
[2023-10-30 13:53:43,804] prompt                   : 다음 두 문장 사이에 순서 상 생략된 문장을 생성하시오: sent1 <extra_id_0> sent3
[2023-10-30 13:53:43,804] callbacks                : 0
[2023-10-30 13:53:43,804] virtual_len              : 0
[2023-10-30 13:53:43,804] peft                     : lora
[2023-10-30 13:53:43,804] quant                    : False
[2023-10-30 13:53:43,804] wandb_run_name           : 20231030_135343
[2023-10-30 13:53:43,804] wandb_entity             : modu_ai
[2023-10-30 13:53:43,804] wandb_project            : MODU_SC
[2023-10-30 13:53:43,804] num_beams                : 8
[2023-10-30 13:53:43,804] top_k                    : 0
[2023-10-30 13:53:43,804] do_sample                : False
[2023-10-30 13:53:43,804] top_p                    : 1.0
[2023-10-30 13:53:43,804] num_return_sequences     : 1
[2023-10-30 13:53:43,804] [+] Set Random Seed to 42
[2023-10-30 14:20:18,444]  ====== Arguements ======
[2023-10-30 14:20:18,444] output_dir               : ./results/20231030_142017/
[2023-10-30 14:20:18,444] valid_batch_size         : 1
[2023-10-30 14:20:18,444] epochs                   : 10
[2023-10-30 14:20:18,444] learning_rate            : 0.0002
[2023-10-30 14:20:18,444] classifier_hidden_size   : 1024.0
[2023-10-30 14:20:18,444] classifier_dropout_prob  : 0.1
[2023-10-30 14:20:18,444] weight_decay             : 0.01
[2023-10-30 14:20:18,444] gpus                     : 0
[2023-10-30 14:20:18,444] seed                     : 42
[2023-10-30 14:20:18,444] train_path               : ./data/train.jsonl
[2023-10-30 14:20:18,444] val_path                 : ./data/dev.jsonl
[2023-10-30 14:20:18,444] test_path                : ./data/test.jsonl
[2023-10-30 14:20:18,444] logging_steps            : 1800
[2023-10-30 14:20:18,444] model_ckpt_path          : togru/20231009_185511-32400
[2023-10-30 14:20:18,444] output_jsonl             : ./submission/validation/돌아온_은갈치-32400-k10p92.jsonl
[2023-10-30 14:20:18,444] response                 : ### 응답:
[2023-10-30 14:20:18,444] decoder                  : False
[2023-10-30 14:20:18,445] tokenizer                : paust/pko-t5-large
[2023-10-30 14:20:18,445] model_path               : paust/pko-t5-large
[2023-10-30 14:20:18,445] accumulate_grad_batches  : 1
[2023-10-30 14:20:18,445] max_seq_len              : 128
[2023-10-30 14:20:18,445] batch_size               : 8
[2023-10-30 14:20:18,445] prompt                   : 다음 두 문장 사이에 순서 상 생략된 문장을 생성하시오: sent1 <extra_id_0> sent3
[2023-10-30 14:20:18,445] callbacks                : 0
[2023-10-30 14:20:18,445] virtual_len              : 0
[2023-10-30 14:20:18,445] peft                     : lora
[2023-10-30 14:20:18,445] quant                    : False
[2023-10-30 14:20:18,445] wandb_run_name           : 20231030_142017
[2023-10-30 14:20:18,445] wandb_entity             : modu_ai
[2023-10-30 14:20:18,445] wandb_project            : MODU_SC
[2023-10-30 14:20:18,445] num_beams                : 8
[2023-10-30 14:20:18,445] top_k                    : 10
[2023-10-30 14:20:18,445] do_sample                : True
[2023-10-30 14:20:18,445] top_p                    : 0.92
[2023-10-30 14:20:18,445] num_return_sequences     : 1
[2023-10-30 14:20:18,445] [+] Set Random Seed to 42
[2023-10-30 14:52:46,479]  ====== Arguements ======
[2023-10-30 14:52:46,479] output_dir               : ./results/20231030_145246/
[2023-10-30 14:52:46,479] valid_batch_size         : 1
[2023-10-30 14:52:46,479] epochs                   : 10
[2023-10-30 14:52:46,479] learning_rate            : 0.0002
[2023-10-30 14:52:46,479] classifier_hidden_size   : 1024.0
[2023-10-30 14:52:46,479] classifier_dropout_prob  : 0.1
[2023-10-30 14:52:46,479] weight_decay             : 0.01
[2023-10-30 14:52:46,479] gpus                     : 0
[2023-10-30 14:52:46,479] seed                     : 42
[2023-10-30 14:52:46,479] train_path               : ./data/train.jsonl
[2023-10-30 14:52:46,479] val_path                 : ./data/dev.jsonl
[2023-10-30 14:52:46,479] test_path                : ./data/test.jsonl
[2023-10-30 14:52:46,479] logging_steps            : 1800
[2023-10-30 14:52:46,479] model_ckpt_path          : togru/20231009_185511-32400
[2023-10-30 14:52:46,480] output_jsonl             : ./submission/validation/돌아온_은갈치-32400-nb16.jsonl
[2023-10-30 14:52:46,480] response                 : ### 응답:
[2023-10-30 14:52:46,480] decoder                  : False
[2023-10-30 14:52:46,480] tokenizer                : paust/pko-t5-large
[2023-10-30 14:52:46,480] model_path               : paust/pko-t5-large
[2023-10-30 14:52:46,480] accumulate_grad_batches  : 1
[2023-10-30 14:52:46,480] max_seq_len              : 128
[2023-10-30 14:52:46,480] batch_size               : 8
[2023-10-30 14:52:46,480] prompt                   : 다음 두 문장 사이에 순서 상 생략된 문장을 생성하시오: sent1 <extra_id_0> sent3
[2023-10-30 14:52:46,480] callbacks                : 0
[2023-10-30 14:52:46,480] virtual_len              : 0
[2023-10-30 14:52:46,480] peft                     : lora
[2023-10-30 14:52:46,480] quant                    : False
[2023-10-30 14:52:46,480] wandb_run_name           : 20231030_145246
[2023-10-30 14:52:46,480] wandb_entity             : modu_ai
[2023-10-30 14:52:46,480] wandb_project            : MODU_SC
[2023-10-30 14:52:46,480] num_beams                : 16
[2023-10-30 14:52:46,480] top_k                    : 0
[2023-10-30 14:52:46,480] do_sample                : False
[2023-10-30 14:52:46,480] top_p                    : 1.0
[2023-10-30 14:52:46,480] num_return_sequences     : 1
[2023-10-30 14:52:46,480] [+] Set Random Seed to 42
[2023-10-30 15:32:05,958]  ====== Arguements ======
[2023-10-30 15:32:05,958] output_dir               : ./results/20231030_153205/
[2023-10-30 15:32:05,958] valid_batch_size         : 1
[2023-10-30 15:32:05,959] epochs                   : 10
[2023-10-30 15:32:05,959] learning_rate            : 0.0002
[2023-10-30 15:32:05,959] classifier_hidden_size   : 1024.0
[2023-10-30 15:32:05,959] classifier_dropout_prob  : 0.1
[2023-10-30 15:32:05,959] weight_decay             : 0.01
[2023-10-30 15:32:05,959] gpus                     : 0
[2023-10-30 15:32:05,959] seed                     : 42
[2023-10-30 15:32:05,959] train_path               : ./data/train.jsonl
[2023-10-30 15:32:05,959] val_path                 : ./data/dev.jsonl
[2023-10-30 15:32:05,959] test_path                : ./data/test.jsonl
[2023-10-30 15:32:05,959] logging_steps            : 1800
[2023-10-30 15:32:05,959] model_ckpt_path          : togru/20231009_185511-45000
[2023-10-30 15:32:05,959] output_jsonl             : ./submission/validation/돌아온_은갈치-45000-nb12.jsonl
[2023-10-30 15:32:05,959] response                 : ### 응답:
[2023-10-30 15:32:05,959] decoder                  : False
[2023-10-30 15:32:05,959] tokenizer                : paust/pko-t5-large
[2023-10-30 15:32:05,959] model_path               : paust/pko-t5-large
[2023-10-30 15:32:05,959] accumulate_grad_batches  : 1
[2023-10-30 15:32:05,959] max_seq_len              : 128
[2023-10-30 15:32:05,959] batch_size               : 8
[2023-10-30 15:32:05,959] prompt                   : 다음 두 문장 사이에 순서 상 생략된 문장을 생성하시오: sent1 <extra_id_0> sent3
[2023-10-30 15:32:05,959] callbacks                : 0
[2023-10-30 15:32:05,959] virtual_len              : 0
[2023-10-30 15:32:05,959] peft                     : lora
[2023-10-30 15:32:05,959] quant                    : False
[2023-10-30 15:32:05,959] wandb_run_name           : 20231030_153205
[2023-10-30 15:32:05,959] wandb_entity             : modu_ai
[2023-10-30 15:32:05,959] wandb_project            : MODU_SC
[2023-10-30 15:32:05,959] num_beams                : 12
[2023-10-30 15:32:05,959] top_k                    : 0
[2023-10-30 15:32:05,959] do_sample                : False
[2023-10-30 15:32:05,959] top_p                    : 1.0
[2023-10-30 15:32:05,959] num_return_sequences     : 1
[2023-10-30 15:32:05,960] [+] Set Random Seed to 42
[2023-10-30 16:10:33,390]  ====== Arguements ======
[2023-10-30 16:10:33,390] output_dir               : ./results/20231030_161032/
[2023-10-30 16:10:33,390] valid_batch_size         : 1
[2023-10-30 16:10:33,390] epochs                   : 10
[2023-10-30 16:10:33,391] learning_rate            : 0.0002
[2023-10-30 16:10:33,391] classifier_hidden_size   : 1024.0
[2023-10-30 16:10:33,391] classifier_dropout_prob  : 0.1
[2023-10-30 16:10:33,391] weight_decay             : 0.01
[2023-10-30 16:10:33,391] gpus                     : 0
[2023-10-30 16:10:33,391] seed                     : 42
[2023-10-30 16:10:33,391] train_path               : ./data/train.jsonl
[2023-10-30 16:10:33,391] val_path                 : ./data/dev.jsonl
[2023-10-30 16:10:33,391] test_path                : ./data/test.jsonl
[2023-10-30 16:10:33,391] logging_steps            : 1800
[2023-10-30 16:10:33,391] model_ckpt_path          : togru/20231002_053021-28800
[2023-10-30 16:10:33,391] output_jsonl             : ./submission/validation/또다시_보리숭어-28800-nb8.jsonl
[2023-10-30 16:10:33,391] response                 : ### 응답:
[2023-10-30 16:10:33,391] decoder                  : False
[2023-10-30 16:10:33,391] tokenizer                : paust/pko-t5-large
[2023-10-30 16:10:33,391] model_path               : paust/pko-t5-large
[2023-10-30 16:10:33,391] accumulate_grad_batches  : 1
[2023-10-30 16:10:33,391] max_seq_len              : 128
[2023-10-30 16:10:33,391] batch_size               : 16
[2023-10-30 16:10:33,391] prompt                   : 문장1과 문장2 사이에 생략된 문장을 생성하시오\n문장1:sent1\n<extra_id_0>\n문장2:sent3
[2023-10-30 16:10:33,391] callbacks                : 0
[2023-10-30 16:10:33,391] virtual_len              : 0
[2023-10-30 16:10:33,391] peft                     : lora
[2023-10-30 16:10:33,391] quant                    : False
[2023-10-30 16:10:33,391] wandb_run_name           : 20231030_161032
[2023-10-30 16:10:33,391] wandb_entity             : modu_ai
[2023-10-30 16:10:33,391] wandb_project            : MODU_SC
[2023-10-30 16:10:33,391] num_beams                : 8
[2023-10-30 16:10:33,391] top_k                    : 0
[2023-10-30 16:10:33,391] do_sample                : False
[2023-10-30 16:10:33,391] top_p                    : 1.0
[2023-10-30 16:10:33,391] num_return_sequences     : 1
[2023-10-30 16:10:33,391] [+] Set Random Seed to 42
[2023-10-30 16:35:19,878]  ====== Arguements ======
[2023-10-30 16:35:19,878] output_dir               : ./results/20231030_163519/
[2023-10-30 16:35:19,878] valid_batch_size         : 1
[2023-10-30 16:35:19,878] epochs                   : 10
[2023-10-30 16:35:19,879] learning_rate            : 0.0002
[2023-10-30 16:35:19,879] classifier_hidden_size   : 1024.0
[2023-10-30 16:35:19,879] classifier_dropout_prob  : 0.1
[2023-10-30 16:35:19,879] weight_decay             : 0.01
[2023-10-30 16:35:19,879] gpus                     : 0
[2023-10-30 16:35:19,879] seed                     : 42
[2023-10-30 16:35:19,879] train_path               : ./data/train.jsonl
[2023-10-30 16:35:19,879] val_path                 : ./data/dev.jsonl
[2023-10-30 16:35:19,879] test_path                : ./data/test.jsonl
[2023-10-30 16:35:19,879] logging_steps            : 1800
[2023-10-30 16:35:19,879] model_ckpt_path          : togru/20231002_053021-32400
[2023-10-30 16:35:19,879] output_jsonl             : ./submission/validation/또다시_보리숭어-32400-nb8.jsonl
[2023-10-30 16:35:19,879] response                 : ### 응답:
[2023-10-30 16:35:19,879] decoder                  : False
[2023-10-30 16:35:19,879] tokenizer                : paust/pko-t5-large
[2023-10-30 16:35:19,879] model_path               : paust/pko-t5-large
[2023-10-30 16:35:19,879] accumulate_grad_batches  : 1
[2023-10-30 16:35:19,879] max_seq_len              : 128
[2023-10-30 16:35:19,879] batch_size               : 16
[2023-10-30 16:35:19,879] prompt                   : 문장1과 문장2 사이에 생략된 문장을 생성하시오\n문장1:sent1\n<extra_id_0>\n문장2:sent3
[2023-10-30 16:35:19,879] callbacks                : 0
[2023-10-30 16:35:19,879] virtual_len              : 0
[2023-10-30 16:35:19,879] peft                     : lora
[2023-10-30 16:35:19,879] quant                    : False
[2023-10-30 16:35:19,879] wandb_run_name           : 20231030_163519
[2023-10-30 16:35:19,879] wandb_entity             : modu_ai
[2023-10-30 16:35:19,879] wandb_project            : MODU_SC
[2023-10-30 16:35:19,879] num_beams                : 8
[2023-10-30 16:35:19,879] top_k                    : 0
[2023-10-30 16:35:19,879] do_sample                : False
[2023-10-30 16:35:19,879] top_p                    : 1.0
[2023-10-30 16:35:19,879] num_return_sequences     : 1
[2023-10-30 16:35:19,879] [+] Set Random Seed to 42
[2023-10-30 16:55:38,343]  ====== Arguements ======
[2023-10-30 16:55:38,343] output_dir               : ./results/20231030_165537/
[2023-10-30 16:55:38,343] valid_batch_size         : 1
[2023-10-30 16:55:38,343] epochs                   : 10
[2023-10-30 16:55:38,343] learning_rate            : 0.0002
[2023-10-30 16:55:38,343] classifier_hidden_size   : 1024.0
[2023-10-30 16:55:38,343] classifier_dropout_prob  : 0.1
[2023-10-30 16:55:38,343] weight_decay             : 0.01
[2023-10-30 16:55:38,343] gpus                     : 0
[2023-10-30 16:55:38,343] seed                     : 42
[2023-10-30 16:55:38,343] train_path               : ./data/train.jsonl
[2023-10-30 16:55:38,343] val_path                 : ./data/dev.jsonl
[2023-10-30 16:55:38,343] test_path                : ./data/test.jsonl
[2023-10-30 16:55:38,343] logging_steps            : 1800
[2023-10-30 16:55:38,343] model_ckpt_path          : togru/20231002_053021-34200
[2023-10-30 16:55:38,343] output_jsonl             : ./submission/validation/또다시_보리숭어-34200-nb12.jsonl
[2023-10-30 16:55:38,343] response                 : ### 응답:
[2023-10-30 16:55:38,343] decoder                  : False
[2023-10-30 16:55:38,343] tokenizer                : paust/pko-t5-large
[2023-10-30 16:55:38,344] model_path               : paust/pko-t5-large
[2023-10-30 16:55:38,344] accumulate_grad_batches  : 1
[2023-10-30 16:55:38,344] max_seq_len              : 128
[2023-10-30 16:55:38,344] batch_size               : 16
[2023-10-30 16:55:38,344] prompt                   : 문장1과 문장2 사이에 생략된 문장을 생성하시오\n문장1:sent1\n<extra_id_0>\n문장2:sent3
[2023-10-30 16:55:38,344] callbacks                : 0
[2023-10-30 16:55:38,344] virtual_len              : 0
[2023-10-30 16:55:38,344] peft                     : lora
[2023-10-30 16:55:38,344] quant                    : False
[2023-10-30 16:55:38,344] wandb_run_name           : 20231030_165537
[2023-10-30 16:55:38,344] wandb_entity             : modu_ai
[2023-10-30 16:55:38,344] wandb_project            : MODU_SC
[2023-10-30 16:55:38,344] num_beams                : 12
[2023-10-30 16:55:38,344] top_k                    : 0
[2023-10-30 16:55:38,344] do_sample                : False
[2023-10-30 16:55:38,344] top_p                    : 1.0
[2023-10-30 16:55:38,344] num_return_sequences     : 1
[2023-10-30 16:55:38,344] [+] Set Random Seed to 42
[2023-10-30 17:27:23,970]  ====== Arguements ======
[2023-10-30 17:27:23,970] output_dir               : ./results/20231030_172723/
[2023-10-30 17:27:23,971] valid_batch_size         : 1
[2023-10-30 17:27:23,971] epochs                   : 10
[2023-10-30 17:27:23,971] learning_rate            : 0.0002
[2023-10-30 17:27:23,971] classifier_hidden_size   : 1024.0
[2023-10-30 17:27:23,971] classifier_dropout_prob  : 0.1
[2023-10-30 17:27:23,971] weight_decay             : 0.01
[2023-10-30 17:27:23,971] gpus                     : 0
[2023-10-30 17:27:23,971] seed                     : 42
[2023-10-30 17:27:23,971] train_path               : ./data/train.jsonl
[2023-10-30 17:27:23,971] val_path                 : ./data/dev.jsonl
[2023-10-30 17:27:23,971] test_path                : ./data/test.jsonl
[2023-10-30 17:27:23,971] logging_steps            : 1800
[2023-10-30 17:27:23,971] model_ckpt_path          : togru/20231002_053021-45000
[2023-10-30 17:27:23,971] output_jsonl             : ./submission/validation/또다시_보리숭어-45000-nb12.jsonl
[2023-10-30 17:27:23,971] response                 : ### 응답:
[2023-10-30 17:27:23,971] decoder                  : False
[2023-10-30 17:27:23,971] tokenizer                : paust/pko-t5-large
[2023-10-30 17:27:23,971] model_path               : paust/pko-t5-large
[2023-10-30 17:27:23,971] accumulate_grad_batches  : 1
[2023-10-30 17:27:23,971] max_seq_len              : 128
[2023-10-30 17:27:23,971] batch_size               : 16
[2023-10-30 17:27:23,971] prompt                   : 문장1과 문장2 사이에 생략된 문장을 생성하시오\n문장1:sent1\n<extra_id_0>\n문장2:sent3
[2023-10-30 17:27:23,971] callbacks                : 0
[2023-10-30 17:27:23,971] virtual_len              : 0
[2023-10-30 17:27:23,971] peft                     : lora
[2023-10-30 17:27:23,971] quant                    : False
[2023-10-30 17:27:23,971] wandb_run_name           : 20231030_172723
[2023-10-30 17:27:23,971] wandb_entity             : modu_ai
[2023-10-30 17:27:23,971] wandb_project            : MODU_SC
[2023-10-30 17:27:23,971] num_beams                : 12
[2023-10-30 17:27:23,971] top_k                    : 0
[2023-10-30 17:27:23,971] do_sample                : False
[2023-10-30 17:27:23,971] top_p                    : 1.0
[2023-10-30 17:27:23,971] num_return_sequences     : 1
[2023-10-30 17:27:23,971] [+] Set Random Seed to 42
[2023-10-30 19:17:11,524]  ====== Arguements ======
[2023-10-30 19:17:11,524] output_dir               : ./results/20231030_191711/
[2023-10-30 19:17:11,524] valid_batch_size         : 1
[2023-10-30 19:17:11,524] epochs                   : 10
[2023-10-30 19:17:11,524] learning_rate            : 0.0002
[2023-10-30 19:17:11,524] classifier_hidden_size   : 1024.0
[2023-10-30 19:17:11,524] classifier_dropout_prob  : 0.1
[2023-10-30 19:17:11,524] weight_decay             : 0.01
[2023-10-30 19:17:11,524] gpus                     : 0
[2023-10-30 19:17:11,524] seed                     : 42
[2023-10-30 19:17:11,524] train_path               : ./data/train.jsonl
[2023-10-30 19:17:11,524] val_path                 : ./data/dev.jsonl
[2023-10-30 19:17:11,525] test_path                : ./data/test.jsonl
[2023-10-30 19:17:11,525] logging_steps            : 1800
[2023-10-30 19:17:11,525] model_ckpt_path          : togru/20231009_185511-32400
[2023-10-30 19:17:11,525] output_jsonl             : ./submission/validation/돌아온_은갈치-32400-nb8.jsonl
[2023-10-30 19:17:11,525] response                 : ### 응답:
[2023-10-30 19:17:11,525] decoder                  : False
[2023-10-30 19:17:11,525] tokenizer                : paust/pko-t5-large
[2023-10-30 19:17:11,525] model_path               : paust/pko-t5-large
[2023-10-30 19:17:11,525] accumulate_grad_batches  : 1
[2023-10-30 19:17:11,525] max_seq_len              : 128
[2023-10-30 19:17:11,525] batch_size               : 16
[2023-10-30 19:17:11,525] prompt                   : 문장1과 문장2 사이에 생략된 문장을 생성하시오\n문장1:sent1\n<extra_id_0>\n문장2:sent3
[2023-10-30 19:17:11,525] callbacks                : 0
[2023-10-30 19:17:11,525] virtual_len              : 0
[2023-10-30 19:17:11,525] peft                     : lora
[2023-10-30 19:17:11,525] quant                    : False
[2023-10-30 19:17:11,525] wandb_run_name           : 20231030_191711
[2023-10-30 19:17:11,525] wandb_entity             : modu_ai
[2023-10-30 19:17:11,525] wandb_project            : MODU_SC
[2023-10-30 19:17:11,525] num_beams                : 8
[2023-10-30 19:17:11,525] top_k                    : 0
[2023-10-30 19:17:11,525] do_sample                : False
[2023-10-30 19:17:11,525] top_p                    : 1.0
[2023-10-30 19:17:11,525] num_return_sequences     : 1
[2023-10-30 19:17:11,525] [+] Set Random Seed to 42
[2023-10-30 19:37:43,552]  ====== Arguements ======
[2023-10-30 19:37:43,552] output_dir               : ./results/20231030_193743/
[2023-10-30 19:37:43,552] valid_batch_size         : 1
[2023-10-30 19:37:43,552] epochs                   : 10
[2023-10-30 19:37:43,552] learning_rate            : 0.0002
[2023-10-30 19:37:43,552] classifier_hidden_size   : 1024.0
[2023-10-30 19:37:43,552] classifier_dropout_prob  : 0.1
[2023-10-30 19:37:43,552] weight_decay             : 0.01
[2023-10-30 19:37:43,552] gpus                     : 0
[2023-10-30 19:37:43,552] seed                     : 42
[2023-10-30 19:37:43,552] train_path               : ./data/train.jsonl
[2023-10-30 19:37:43,553] val_path                 : ./data/dev.jsonl
[2023-10-30 19:37:43,553] test_path                : ./data/test.jsonl
[2023-10-30 19:37:43,553] logging_steps            : 1800
[2023-10-30 19:37:43,553] model_ckpt_path          : togru/20231009_185511-32400
[2023-10-30 19:37:43,553] output_jsonl             : ./submission/validation/돌아온_은갈치-32400-k10p92.jsonl
[2023-10-30 19:37:43,553] response                 : ### 응답:
[2023-10-30 19:37:43,553] decoder                  : False
[2023-10-30 19:37:43,553] tokenizer                : paust/pko-t5-large
[2023-10-30 19:37:43,553] model_path               : paust/pko-t5-large
[2023-10-30 19:37:43,553] accumulate_grad_batches  : 1
[2023-10-30 19:37:43,553] max_seq_len              : 128
[2023-10-30 19:37:43,553] batch_size               : 8
[2023-10-30 19:37:43,553] prompt                   : 문장1과 문장2 사이에 생략된 문장을 생성하시오\n문장1:sent1\n<extra_id_0>\n문장2:sent3
[2023-10-30 19:37:43,553] callbacks                : 0
[2023-10-30 19:37:43,553] virtual_len              : 0
[2023-10-30 19:37:43,553] peft                     : lora
[2023-10-30 19:37:43,553] quant                    : False
[2023-10-30 19:37:43,553] wandb_run_name           : 20231030_193743
[2023-10-30 19:37:43,553] wandb_entity             : modu_ai
[2023-10-30 19:37:43,553] wandb_project            : MODU_SC
[2023-10-30 19:37:43,553] num_beams                : 8
[2023-10-30 19:37:43,553] top_k                    : 10
[2023-10-30 19:37:43,553] do_sample                : True
[2023-10-30 19:37:43,553] top_p                    : 0.92
[2023-10-30 19:37:43,553] num_return_sequences     : 1
[2023-10-30 19:37:43,553] [+] Set Random Seed to 42
[2023-10-30 20:08:15,112]  ====== Arguements ======
[2023-10-30 20:08:15,112] output_dir               : ./results/20231030_200814/
[2023-10-30 20:08:15,112] valid_batch_size         : 1
[2023-10-30 20:08:15,112] epochs                   : 10
[2023-10-30 20:08:15,112] learning_rate            : 0.0002
[2023-10-30 20:08:15,112] classifier_hidden_size   : 1024.0
[2023-10-30 20:08:15,112] classifier_dropout_prob  : 0.1
[2023-10-30 20:08:15,112] weight_decay             : 0.01
[2023-10-30 20:08:15,112] gpus                     : 0
[2023-10-30 20:08:15,112] seed                     : 42
[2023-10-30 20:08:15,112] train_path               : ./data/train.jsonl
[2023-10-30 20:08:15,112] val_path                 : ./data/dev.jsonl
[2023-10-30 20:08:15,113] test_path                : ./data/test.jsonl
[2023-10-30 20:08:15,113] logging_steps            : 1800
[2023-10-30 20:08:15,113] model_ckpt_path          : togru/20231009_185511-32400
[2023-10-30 20:08:15,113] output_jsonl             : ./submission/validation/돌아온_은갈치-32400-nb16.jsonl
[2023-10-30 20:08:15,113] response                 : ### 응답:
[2023-10-30 20:08:15,113] decoder                  : False
[2023-10-30 20:08:15,113] tokenizer                : paust/pko-t5-large
[2023-10-30 20:08:15,113] model_path               : paust/pko-t5-large
[2023-10-30 20:08:15,113] accumulate_grad_batches  : 1
[2023-10-30 20:08:15,113] max_seq_len              : 128
[2023-10-30 20:08:15,113] batch_size               : 8
[2023-10-30 20:08:15,113] prompt                   : 문장1과 문장2 사이에 생략된 문장을 생성하시오\n문장1:sent1\n<extra_id_0>\n문장2:sent3
[2023-10-30 20:08:15,113] callbacks                : 0
[2023-10-30 20:08:15,113] virtual_len              : 0
[2023-10-30 20:08:15,113] peft                     : lora
[2023-10-30 20:08:15,113] quant                    : False
[2023-10-30 20:08:15,113] wandb_run_name           : 20231030_200814
[2023-10-30 20:08:15,113] wandb_entity             : modu_ai
[2023-10-30 20:08:15,113] wandb_project            : MODU_SC
[2023-10-30 20:08:15,113] num_beams                : 16
[2023-10-30 20:08:15,113] top_k                    : 0
[2023-10-30 20:08:15,113] do_sample                : False
[2023-10-30 20:08:15,113] top_p                    : 1.0
[2023-10-30 20:08:15,113] num_return_sequences     : 1
[2023-10-30 20:08:15,113] [+] Set Random Seed to 42
[2023-10-30 20:47:13,906]  ====== Arguements ======
[2023-10-30 20:47:13,906] output_dir               : ./results/20231030_204713/
[2023-10-30 20:47:13,906] valid_batch_size         : 1
[2023-10-30 20:47:13,906] epochs                   : 10
[2023-10-30 20:47:13,906] learning_rate            : 0.0002
[2023-10-30 20:47:13,906] classifier_hidden_size   : 1024.0
[2023-10-30 20:47:13,906] classifier_dropout_prob  : 0.1
[2023-10-30 20:47:13,906] weight_decay             : 0.01
[2023-10-30 20:47:13,906] gpus                     : 0
[2023-10-30 20:47:13,906] seed                     : 42
[2023-10-30 20:47:13,906] train_path               : ./data/train.jsonl
[2023-10-30 20:47:13,906] val_path                 : ./data/dev.jsonl
[2023-10-30 20:47:13,906] test_path                : ./data/test.jsonl
[2023-10-30 20:47:13,906] logging_steps            : 1800
[2023-10-30 20:47:13,906] model_ckpt_path          : togru/20231009_185511-45000
[2023-10-30 20:47:13,906] output_jsonl             : ./submission/validation/돌아온_은갈치-45000-nb12.jsonl
[2023-10-30 20:47:13,906] response                 : ### 응답:
[2023-10-30 20:47:13,906] decoder                  : False
[2023-10-30 20:47:13,906] tokenizer                : paust/pko-t5-large
[2023-10-30 20:47:13,906] model_path               : paust/pko-t5-large
[2023-10-30 20:47:13,906] accumulate_grad_batches  : 1
[2023-10-30 20:47:13,906] max_seq_len              : 128
[2023-10-30 20:47:13,906] batch_size               : 8
[2023-10-30 20:47:13,906] prompt                   : 문장1과 문장2 사이에 생략된 문장을 생성하시오\n문장1:sent1\n<extra_id_0>\n문장2:sent3
[2023-10-30 20:47:13,906] callbacks                : 0
[2023-10-30 20:47:13,906] virtual_len              : 0
[2023-10-30 20:47:13,906] peft                     : lora
[2023-10-30 20:47:13,906] quant                    : False
[2023-10-30 20:47:13,906] wandb_run_name           : 20231030_204713
[2023-10-30 20:47:13,907] wandb_entity             : modu_ai
[2023-10-30 20:47:13,907] wandb_project            : MODU_SC
[2023-10-30 20:47:13,907] num_beams                : 12
[2023-10-30 20:47:13,907] top_k                    : 0
[2023-10-30 20:47:13,907] do_sample                : False
[2023-10-30 20:47:13,907] top_p                    : 1.0
[2023-10-30 20:47:13,907] num_return_sequences     : 1
[2023-10-30 20:47:13,907] [+] Set Random Seed to 42
[2023-10-30 21:32:33,264]  ====== Arguements ======
[2023-10-30 21:32:33,264] output_dir               : ./results/20231030_213232/
[2023-10-30 21:32:33,264] valid_batch_size         : 1
[2023-10-30 21:32:33,264] epochs                   : 10
[2023-10-30 21:32:33,264] learning_rate            : 0.0002
[2023-10-30 21:32:33,264] classifier_hidden_size   : 1024.0
[2023-10-30 21:32:33,264] classifier_dropout_prob  : 0.1
[2023-10-30 21:32:33,264] weight_decay             : 0.01
[2023-10-30 21:32:33,264] gpus                     : 0
[2023-10-30 21:32:33,264] seed                     : 42
[2023-10-30 21:32:33,264] train_path               : ./data/train.jsonl
[2023-10-30 21:32:33,264] val_path                 : ./data/dev.jsonl
[2023-10-30 21:32:33,264] test_path                : ./data/test.jsonl
[2023-10-30 21:32:33,264] logging_steps            : 1800
[2023-10-30 21:32:33,264] model_ckpt_path          : togru/20231009_185511-32400
[2023-10-30 21:32:33,264] output_jsonl             : ./submission/validation/돌아온_은갈치-32400-nb8.jsonl
[2023-10-30 21:32:33,264] response                 : ### 응답:
[2023-10-30 21:32:33,264] decoder                  : False
[2023-10-30 21:32:33,264] tokenizer                : paust/pko-t5-large
[2023-10-30 21:32:33,264] model_path               : paust/pko-t5-large
[2023-10-30 21:32:33,264] accumulate_grad_batches  : 1
[2023-10-30 21:32:33,264] max_seq_len              : 128
[2023-10-30 21:32:33,264] batch_size               : 16
[2023-10-30 21:32:33,264] prompt                   : 문장1과 문장2 사이에 생략된 문장을 생성하시오\n문장1:sent1\n<extra_id_0>\n문장2:sent3
[2023-10-30 21:32:33,264] callbacks                : 0
[2023-10-30 21:32:33,264] virtual_len              : 0
[2023-10-30 21:32:33,264] peft                     : lora
[2023-10-30 21:32:33,264] quant                    : False
[2023-10-30 21:32:33,264] wandb_run_name           : 20231030_213232
[2023-10-30 21:32:33,264] wandb_entity             : modu_ai
[2023-10-30 21:32:33,265] wandb_project            : MODU_SC
[2023-10-30 21:32:33,265] num_beams                : 8
[2023-10-30 21:32:33,265] top_k                    : 0
[2023-10-30 21:32:33,265] do_sample                : False
[2023-10-30 21:32:33,265] top_p                    : 1.0
[2023-10-30 21:32:33,265] num_return_sequences     : 1
[2023-10-30 21:32:33,265] [+] Set Random Seed to 42
[2023-10-30 21:52:49,893]  ====== Arguements ======
[2023-10-30 21:52:49,893] output_dir               : ./results/20231030_215249/
[2023-10-30 21:52:49,893] valid_batch_size         : 1
[2023-10-30 21:52:49,893] epochs                   : 10
[2023-10-30 21:52:49,893] learning_rate            : 0.0002
[2023-10-30 21:52:49,893] classifier_hidden_size   : 1024.0
[2023-10-30 21:52:49,894] classifier_dropout_prob  : 0.1
[2023-10-30 21:52:49,894] weight_decay             : 0.01
[2023-10-30 21:52:49,894] gpus                     : 0
[2023-10-30 21:52:49,894] seed                     : 42
[2023-10-30 21:52:49,894] train_path               : ./data/train.jsonl
[2023-10-30 21:52:49,894] val_path                 : ./data/dev.jsonl
[2023-10-30 21:52:49,894] test_path                : ./data/test.jsonl
[2023-10-30 21:52:49,894] logging_steps            : 1800
[2023-10-30 21:52:49,894] model_ckpt_path          : togru/20231009_185511-32400
[2023-10-30 21:52:49,894] output_jsonl             : ./submission/validation/돌아온_은갈치-32400-k10p92.jsonl
[2023-10-30 21:52:49,894] response                 : ### 응답:
[2023-10-30 21:52:49,894] decoder                  : False
[2023-10-30 21:52:49,894] tokenizer                : paust/pko-t5-large
[2023-10-30 21:52:49,894] model_path               : paust/pko-t5-large
[2023-10-30 21:52:49,894] accumulate_grad_batches  : 1
[2023-10-30 21:52:49,894] max_seq_len              : 128
[2023-10-30 21:52:49,894] batch_size               : 8
[2023-10-30 21:52:49,894] prompt                   : 문장1과 문장2 사이에 생략된 문장을 생성하시오\n문장1:sent1\n<extra_id_0>\n문장2:sent3
[2023-10-30 21:52:49,894] callbacks                : 0
[2023-10-30 21:52:49,894] virtual_len              : 0
[2023-10-30 21:52:49,894] peft                     : lora
[2023-10-30 21:52:49,894] quant                    : False
[2023-10-30 21:52:49,894] wandb_run_name           : 20231030_215249
[2023-10-30 21:52:49,894] wandb_entity             : modu_ai
[2023-10-30 21:52:49,894] wandb_project            : MODU_SC
[2023-10-30 21:52:49,894] num_beams                : 8
[2023-10-30 21:52:49,894] top_k                    : 10
[2023-10-30 21:52:49,894] do_sample                : True
[2023-10-30 21:52:49,894] top_p                    : 0.92
[2023-10-30 21:52:49,894] num_return_sequences     : 1
[2023-10-30 21:52:49,894] [+] Set Random Seed to 42
[2023-10-30 22:23:21,864]  ====== Arguements ======
[2023-10-30 22:23:21,864] output_dir               : ./results/20231030_222321/
[2023-10-30 22:23:21,865] valid_batch_size         : 1
[2023-10-30 22:23:21,865] epochs                   : 10
[2023-10-30 22:23:21,865] learning_rate            : 0.0002
[2023-10-30 22:23:21,865] classifier_hidden_size   : 1024.0
[2023-10-30 22:23:21,865] classifier_dropout_prob  : 0.1
[2023-10-30 22:23:21,865] weight_decay             : 0.01
[2023-10-30 22:23:21,865] gpus                     : 0
[2023-10-30 22:23:21,865] seed                     : 42
[2023-10-30 22:23:21,865] train_path               : ./data/train.jsonl
[2023-10-30 22:23:21,865] val_path                 : ./data/dev.jsonl
[2023-10-30 22:23:21,865] test_path                : ./data/test.jsonl
[2023-10-30 22:23:21,865] logging_steps            : 1800
[2023-10-30 22:23:21,865] model_ckpt_path          : togru/20231009_185511-32400
[2023-10-30 22:23:21,865] output_jsonl             : ./submission/validation/돌아온_은갈치-32400-nb16.jsonl
[2023-10-30 22:23:21,865] response                 : ### 응답:
[2023-10-30 22:23:21,865] decoder                  : False
[2023-10-30 22:23:21,865] tokenizer                : paust/pko-t5-large
[2023-10-30 22:23:21,865] model_path               : paust/pko-t5-large
[2023-10-30 22:23:21,865] accumulate_grad_batches  : 1
[2023-10-30 22:23:21,865] max_seq_len              : 128
[2023-10-30 22:23:21,865] batch_size               : 8
[2023-10-30 22:23:21,865] prompt                   : 문장1과 문장2 사이에 생략된 문장을 생성하시오\n문장1:sent1\n<extra_id_0>\n문장2:sent3
[2023-10-30 22:23:21,865] callbacks                : 0
[2023-10-30 22:23:21,865] virtual_len              : 0
[2023-10-30 22:23:21,865] peft                     : lora
[2023-10-30 22:23:21,865] quant                    : False
[2023-10-30 22:23:21,865] wandb_run_name           : 20231030_222321
[2023-10-30 22:23:21,865] wandb_entity             : modu_ai
[2023-10-30 22:23:21,865] wandb_project            : MODU_SC
[2023-10-30 22:23:21,865] num_beams                : 16
[2023-10-30 22:23:21,865] top_k                    : 0
[2023-10-30 22:23:21,865] do_sample                : False
[2023-10-30 22:23:21,865] top_p                    : 1.0
[2023-10-30 22:23:21,865] num_return_sequences     : 1
[2023-10-30 22:23:21,866] [+] Set Random Seed to 42
